<?xml version="1.0" encoding="UTF-8"?>
<testng-results ignored="0" total="1" passed="1" failed="0" skipped="0">
  <reporter-output>
  </reporter-output>
  <suite started-at="2025-03-01T23:17:40 GMT+08:00" name="Surefire suite" finished-at="2025-03-01T23:17:51 GMT+08:00" duration-ms="11170">
    <groups>
    </groups>
    <test started-at="2025-03-01T23:17:40 GMT+08:00" name="Surefire test" finished-at="2025-03-01T23:17:51 GMT+08:00" duration-ms="11170">
      <class name="com.orangehrm.tests.LoginTest">
        <test-method is-config="true" signature="setUp()[pri:0, instance:com.orangehrm.tests.LoginTest@6ac13091]" started-at="2025-03-01T23:17:40 GMT+08:00" name="setUp" finished-at="2025-03-01T23:17:44 GMT+08:00" duration-ms="4581" status="PASS">
          <reporter-output>
          </reporter-output>
        </test-method> <!-- setUp -->
        <test-method signature="testAddEmployee()[pri:0, instance:com.orangehrm.tests.LoginTest@6ac13091]" started-at="2025-03-01T23:17:44 GMT+08:00" name="testAddEmployee" finished-at="2025-03-01T23:17:51 GMT+08:00" duration-ms="6291" status="PASS">
          <reporter-output>
          </reporter-output>
        </test-method> <!-- testAddEmployee -->
        <test-method is-config="true" signature="tearDown()[pri:0, instance:com.orangehrm.tests.LoginTest@6ac13091]" started-at="2025-03-01T23:17:51 GMT+08:00" name="tearDown" finished-at="2025-03-01T23:17:51 GMT+08:00" duration-ms="263" status="PASS">
          <reporter-output>
          </reporter-output>
        </test-method> <!-- tearDown -->
      </class> <!-- com.orangehrm.tests.LoginTest -->
    </test> <!-- Surefire test -->
  </suite> <!-- Surefire suite -->
</testng-results>
