<?xml version="1.0" encoding="UTF-8"?>
<testng-results ignored="0" total="2" passed="2" failed="0" skipped="0">
  <reporter-output>
  </reporter-output>
  <suite started-at="2025-03-03T14:18:16 GMT+08:00" name="Default suite" finished-at="2025-03-03T14:18:44 GMT+08:00" duration-ms="28551">
    <groups>
    </groups>
    <test started-at="2025-03-03T14:18:16 GMT+08:00" name="Default test" finished-at="2025-03-03T14:18:44 GMT+08:00" duration-ms="28551">
      <class name="com.orangehrm.tests.LoginTest">
        <test-method is-config="true" signature="setUp()[pri:0, instance:com.orangehrm.tests.LoginTest@7530ad9c]" started-at="2025-03-03T14:18:16 GMT+08:00" name="setUp" finished-at="2025-03-03T14:18:24 GMT+08:00" duration-ms="8120" status="PASS">
          <reporter-output>
          </reporter-output>
        </test-method> <!-- setUp -->
        <test-method signature="testAddEmployee()[pri:0, instance:com.orangehrm.tests.LoginTest@7530ad9c]" started-at="2025-03-03T14:18:24 GMT+08:00" name="testAddEmployee" finished-at="2025-03-03T14:18:31 GMT+08:00" duration-ms="6977" status="PASS">
          <reporter-output>
          </reporter-output>
        </test-method> <!-- testAddEmployee -->
        <test-method is-config="true" signature="tearDown()[pri:0, instance:com.orangehrm.tests.LoginTest@7530ad9c]" started-at="2025-03-03T14:18:31 GMT+08:00" name="tearDown" finished-at="2025-03-03T14:18:31 GMT+08:00" duration-ms="386" status="PASS">
          <reporter-output>
          </reporter-output>
        </test-method> <!-- tearDown -->
        <test-method is-config="true" signature="setUp()[pri:0, instance:com.orangehrm.tests.LoginTest@7530ad9c]" started-at="2025-03-03T14:18:31 GMT+08:00" name="setUp" finished-at="2025-03-03T14:18:37 GMT+08:00" duration-ms="5488" status="PASS">
          <reporter-output>
          </reporter-output>
        </test-method> <!-- setUp -->
        <test-method signature="testSearchAdminRole()[pri:2, instance:com.orangehrm.tests.LoginTest@7530ad9c]" started-at="2025-03-03T14:18:37 GMT+08:00" name="testSearchAdminRole" finished-at="2025-03-03T14:18:44 GMT+08:00" duration-ms="7116" status="PASS">
          <reporter-output>
          </reporter-output>
        </test-method> <!-- testSearchAdminRole -->
        <test-method is-config="true" signature="tearDown()[pri:0, instance:com.orangehrm.tests.LoginTest@7530ad9c]" started-at="2025-03-03T14:18:44 GMT+08:00" name="tearDown" finished-at="2025-03-03T14:18:44 GMT+08:00" duration-ms="397" status="PASS">
          <reporter-output>
          </reporter-output>
        </test-method> <!-- tearDown -->
      </class> <!-- com.orangehrm.tests.LoginTest -->
    </test> <!-- Default test -->
  </suite> <!-- Default suite -->
</testng-results>
