<?xml version="1.0" encoding="UTF-8"?>
<testng-results ignored="0" total="1" passed="1" failed="0" skipped="0">
  <reporter-output>
  </reporter-output>
  <suite started-at="2025-03-01T08:44:34 GMT+08:00" name="Default suite" finished-at="2025-03-01T08:44:51 GMT+08:00" duration-ms="16382">
    <groups>
    </groups>
    <test started-at="2025-03-01T08:44:34 GMT+08:00" name="Default test" finished-at="2025-03-01T08:44:51 GMT+08:00" duration-ms="16382">
      <class name="com.orangehrm.tests.LoginTest">
        <test-method is-config="true" signature="setUp()[pri:0, instance:com.orangehrm.tests.LoginTest@4c12331b]" started-at="2025-03-01T08:44:34 GMT+08:00" name="setUp" finished-at="2025-03-01T08:44:43 GMT+08:00" duration-ms="8548" status="PASS">
          <reporter-output>
          </reporter-output>
        </test-method> <!-- setUp -->
        <test-method signature="testAddEmployee()[pri:0, instance:com.orangehrm.tests.LoginTest@4c12331b]" started-at="2025-03-01T08:44:43 GMT+08:00" name="testAddEmployee" finished-at="2025-03-01T08:44:50 GMT+08:00" duration-ms="7244" status="PASS">
          <reporter-output>
          </reporter-output>
        </test-method> <!-- testAddEmployee -->
        <test-method is-config="true" signature="tearDown()[pri:0, instance:com.orangehrm.tests.LoginTest@4c12331b]" started-at="2025-03-01T08:44:50 GMT+08:00" name="tearDown" finished-at="2025-03-01T08:44:51 GMT+08:00" duration-ms="493" status="PASS">
          <reporter-output>
          </reporter-output>
        </test-method> <!-- tearDown -->
      </class> <!-- com.orangehrm.tests.LoginTest -->
    </test> <!-- Default test -->
  </suite> <!-- Default suite -->
</testng-results>
